<?xml version="1.0" encoding="UTF-8"?>
<!-- Generated by org.testng.reporters.JUnitReportReporter -->
<testsuite hostname="LAPTOP-C9I6TMT1" failures="0" tests="3" name="xpath.TestNG" time="0.009" errors="0" timestamp="2024-05-26T01:09:35 IST" skipped="1">
  <testcase classname="xpath.TestNG" name="dologin" time="0.004"/>
  <testcase classname="xpath.TestNG" name="addusertest" time="0.005"/>
  <testcase classname="xpath.TestNG" name="deleteusertest">
    <skipped/>
  </testcase> <!-- deleteusertest -->
</testsuite> <!-- xpath.TestNG -->
