<?xml version="1.0" encoding="UTF-8"?>
<!-- Generated by org.testng.reporters.JUnitReportReporter -->
<testsuite hostname="LAPTOP-C9I6TMT1" failures="0" tests="2" name="annotation_demo.AddUserTest" time="0.046" errors="0" timestamp="2024-05-26T00:50:14 IST" skipped="0">
  <testcase classname="annotation_demo.AddUserTest" name="normaluser" time="0.040"/>
  <system-out/>
  <testcase classname="annotation_demo.AddUserTest" name="p3user" time="0.006"/>
  <system-out/>
</testsuite> <!-- annotation_demo.AddUserTest -->
