<?xml version="1.0" encoding="UTF-8"?>
<!-- Generated by org.testng.reporters.JUnitReportReporter -->
<testsuite hostname="LAPTOP-C9I6TMT1" failures="0" tests="2" name="annotation_demo.Demo" time="0.033" errors="0" timestamp="2024-05-26T00:07:44 IST" skipped="0">
  <testcase classname="annotation_demo.Demo" name="loginTest" time="0.012"/>
  <system-out/>
  <testcase classname="annotation_demo.Demo" name="addusertest" time="0.021"/>
  <system-out/>
</testsuite> <!-- annotation_demo.Demo -->
