<?xml version="1.0" encoding="UTF-8"?>
<!-- Generated by org.testng.reporters.JUnitReportReporter -->
<testsuite hostname="LAPTOP-C9I6TMT1" failures="0" tests="3" name="xpath.TestNG" time="0.015" errors="0" timestamp="2024-05-26T00:38:56 IST" skipped="1">
  <testcase classname="xpath.TestNG" name="dologin" time="0.007"/>
  <system-out/>
  <testcase classname="xpath.TestNG" name="addusertest" time="0.008"/>
  <system-out/>
  <testcase classname="xpath.TestNG" name="deleteusertest">
    <skipped/>
  </testcase> <!-- deleteusertest -->
  <system-out/>
</testsuite> <!-- xpath.TestNG -->
