<?xml version="1.0" encoding="UTF-8"?>
<!-- Generated by org.testng.reporters.JUnitReportReporter -->
<testsuite hostname="LAPTOP-C9I6TMT1" failures="0" tests="1" name="xpath.fbtest" time="18.856" errors="0" timestamp="2024-05-23T16:38:51 IST" skipped="0">
  <testcase classname="xpath.fbtest" name="fbmessagetest" time="18.856"/>
  <system-out/>
</testsuite> <!-- xpath.fbtest -->
