<?xml version="1.0" encoding="UTF-8"?>
<!-- Generated by org.testng.reporters.JUnitReportReporter -->
<testsuite hostname="LAPTOP-C9I6TMT1" failures="0" tests="1" name="annotation_demo.UserTest" time="0.147" errors="0" timestamp="2024-05-26T00:17:12 IST" skipped="0">
  <testcase classname="annotation_demo.UserTest" name="verifyhomepage" time="0.147"/>
  <system-out/>
</testsuite> <!-- annotation_demo.UserTest -->
